Case #1: 
10000000000000000000000000011111 3 2 5 2 7 2 3 2 11
10000000000000000000000001001111 3 2 5 2 7 2 3 2 11
10000000000000000000000100001111 3 2 5 2 7 2 3 2 11
10000000000000000000010000001111 3 2 5 2 7 2 3 2 11
10000000000000000001000000001111 3 2 5 2 7 2 3 2 11
10000000000000000100000000001111 3 2 5 2 7 2 3 2 11
10000000000000010000000000001111 3 2 5 2 7 2 3 2 11
10000000000001000000000000001111 3 2 5 2 7 2 3 2 11
10000000000100000000000000001111 3 2 5 2 7 2 3 2 11
10000000010000000000000000001111 3 2 5 2 7 2 3 2 11
10000001000000000000000000001111 3 2 5 2 7 2 3 2 11
10000100000000000000000000001111 3 2 5 2 7 2 3 2 11
10010000000000000000000000001111 3 2 5 2 7 2 3 2 11
11000000000000000000000000001111 3 2 5 2 7 2 3 2 11
10000000000000000000000001011011 3 2 5 2 7 2 3 2 11
10000000000000000000000100011011 3 2 5 2 7 2 3 2 11
10000000000000000000010000011011 3 2 5 2 7 2 3 2 11
10000000000000000001000000011011 3 2 5 2 7 2 3 2 11
10000000000000000100000000011011 3 2 5 2 7 2 3 2 11
10000000000000010000000000011011 3 2 5 2 7 2 3 2 11
10000000000001000000000000011011 3 2 5 2 7 2 3 2 11
10000000000100000000000000011011 3 2 5 2 7 2 3 2 11
10000000010000000000000000011011 3 2 5 2 7 2 3 2 11
10000001000000000000000000011011 3 2 5 2 7 2 3 2 11
10000100000000000000000000011011 3 2 5 2 7 2 3 2 11
10010000000000000000000000011011 3 2 5 2 7 2 3 2 11
11000000000000000000000000011011 3 2 5 2 7 2 3 2 11
10000000000000000000000101001011 3 2 5 2 7 2 3 2 11
10000000000000000000010001001011 3 2 5 2 7 2 3 2 11
10000000000000000001000001001011 3 2 5 2 7 2 3 2 11
10000000000000000100000001001011 3 2 5 2 7 2 3 2 11
10000000000000010000000001001011 3 2 5 2 7 2 3 2 11
10000000000001000000000001001011 3 2 5 2 7 2 3 2 11
10000000000100000000000001001011 3 2 5 2 7 2 3 2 11
10000000010000000000000001001011 3 2 5 2 7 2 3 2 11
10000001000000000000000001001011 3 2 5 2 7 2 3 2 11
10000100000000000000000001001011 3 2 5 2 7 2 3 2 11
10010000000000000000000001001011 3 2 5 2 7 2 3 2 11
11000000000000000000000001001011 3 2 5 2 7 2 3 2 11
10000000000000000000010100001011 3 2 5 2 7 2 3 2 11
10000000000000000001000100001011 3 2 5 2 7 2 3 2 11
10000000000000000100000100001011 3 2 5 2 7 2 3 2 11
10000000000000010000000100001011 3 2 5 2 7 2 3 2 11
10000000000001000000000100001011 3 2 5 2 7 2 3 2 11
10000000000100000000000100001011 3 2 5 2 7 2 3 2 11
10000000010000000000000100001011 3 2 5 2 7 2 3 2 11
10000001000000000000000100001011 3 2 5 2 7 2 3 2 11
10000100000000000000000100001011 3 2 5 2 7 2 3 2 11
10010000000000000000000100001011 3 2 5 2 7 2 3 2 11
11000000000000000000000100001011 3 2 5 2 7 2 3 2 11
10000000000000000001010000001011 3 2 5 2 7 2 3 2 11
10000000000000000100010000001011 3 2 5 2 7 2 3 2 11
10000000000000010000010000001011 3 2 5 2 7 2 3 2 11
10000000000001000000010000001011 3 2 5 2 7 2 3 2 11
10000000000100000000010000001011 3 2 5 2 7 2 3 2 11
10000000010000000000010000001011 3 2 5 2 7 2 3 2 11
10000001000000000000010000001011 3 2 5 2 7 2 3 2 11
10000100000000000000010000001011 3 2 5 2 7 2 3 2 11
10010000000000000000010000001011 3 2 5 2 7 2 3 2 11
11000000000000000000010000001011 3 2 5 2 7 2 3 2 11
10000000000000000101000000001011 3 2 5 2 7 2 3 2 11
10000000000000010001000000001011 3 2 5 2 7 2 3 2 11
10000000000001000001000000001011 3 2 5 2 7 2 3 2 11
10000000000100000001000000001011 3 2 5 2 7 2 3 2 11
10000000010000000001000000001011 3 2 5 2 7 2 3 2 11
10000001000000000001000000001011 3 2 5 2 7 2 3 2 11
10000100000000000001000000001011 3 2 5 2 7 2 3 2 11
10010000000000000001000000001011 3 2 5 2 7 2 3 2 11
11000000000000000001000000001011 3 2 5 2 7 2 3 2 11
10000000000000010100000000001011 3 2 5 2 7 2 3 2 11
10000000000001000100000000001011 3 2 5 2 7 2 3 2 11
10000000000100000100000000001011 3 2 5 2 7 2 3 2 11
10000000010000000100000000001011 3 2 5 2 7 2 3 2 11
10000001000000000100000000001011 3 2 5 2 7 2 3 2 11
10000100000000000100000000001011 3 2 5 2 7 2 3 2 11
10010000000000000100000000001011 3 2 5 2 7 2 3 2 11
11000000000000000100000000001011 3 2 5 2 7 2 3 2 11
10000000000001010000000000001011 3 2 5 2 7 2 3 2 11
10000000000100010000000000001011 3 2 5 2 7 2 3 2 11
10000000010000010000000000001011 3 2 5 2 7 2 3 2 11
10000001000000010000000000001011 3 2 5 2 7 2 3 2 11
10000100000000010000000000001011 3 2 5 2 7 2 3 2 11
10010000000000010000000000001011 3 2 5 2 7 2 3 2 11
11000000000000010000000000001011 3 2 5 2 7 2 3 2 11
10000000000101000000000000001011 3 2 5 2 7 2 3 2 11
10000000010001000000000000001011 3 2 5 2 7 2 3 2 11
10000001000001000000000000001011 3 2 5 2 7 2 3 2 11
10000100000001000000000000001011 3 2 5 2 7 2 3 2 11
10010000000001000000000000001011 3 2 5 2 7 2 3 2 11
11000000000001000000000000001011 3 2 5 2 7 2 3 2 11
10000000010100000000000000001011 3 2 5 2 7 2 3 2 11
10000001000100000000000000001011 3 2 5 2 7 2 3 2 11
10000100000100000000000000001011 3 2 5 2 7 2 3 2 11
10010000000100000000000000001011 3 2 5 2 7 2 3 2 11
11000000000100000000000000001011 3 2 5 2 7 2 3 2 11
10000001010000000000000000001011 3 2 5 2 7 2 3 2 11
10000100010000000000000000001011 3 2 5 2 7 2 3 2 11
10010000010000000000000000001011 3 2 5 2 7 2 3 2 11
11000000010000000000000000001011 3 2 5 2 7 2 3 2 11
10000101000000000000000000001011 3 2 5 2 7 2 3 2 11
10010001000000000000000000001011 3 2 5 2 7 2 3 2 11
11000001000000000000000000001011 3 2 5 2 7 2 3 2 11
10010100000000000000000000001011 3 2 5 2 7 2 3 2 11
11000100000000000000000000001011 3 2 5 2 7 2 3 2 11
11010000000000000000000000001011 3 2 5 2 7 2 3 2 11
10000000000000000000000000110111 3 2 5 2 7 2 3 2 11
10000000000000000000000001100111 3 2 5 2 7 2 3 2 11
10000000000000000000000100100111 3 2 5 2 7 2 3 2 11
10000000000000000000010000100111 3 2 5 2 7 2 3 2 11
10000000000000000001000000100111 3 2 5 2 7 2 3 2 11
10000000000000000100000000100111 3 2 5 2 7 2 3 2 11
10000000000000010000000000100111 3 2 5 2 7 2 3 2 11
10000000000001000000000000100111 3 2 5 2 7 2 3 2 11
10000000000100000000000000100111 3 2 5 2 7 2 3 2 11
10000000010000000000000000100111 3 2 5 2 7 2 3 2 11
10000001000000000000000000100111 3 2 5 2 7 2 3 2 11
10000100000000000000000000100111 3 2 5 2 7 2 3 2 11
10010000000000000000000000100111 3 2 5 2 7 2 3 2 11
11000000000000000000000000100111 3 2 5 2 7 2 3 2 11
10000000000000000000000001110011 3 2 5 2 7 2 3 2 11
10000000000000000000000100110011 3 2 5 2 7 2 3 2 11
10000000000000000000010000110011 3 2 5 2 7 2 3 2 11
10000000000000000001000000110011 3 2 5 2 7 2 3 2 11
10000000000000000100000000110011 3 2 5 2 7 2 3 2 11
10000000000000010000000000110011 3 2 5 2 7 2 3 2 11
10000000000001000000000000110011 3 2 5 2 7 2 3 2 11
10000000000100000000000000110011 3 2 5 2 7 2 3 2 11
10000000010000000000000000110011 3 2 5 2 7 2 3 2 11
10000001000000000000000000110011 3 2 5 2 7 2 3 2 11
10000100000000000000000000110011 3 2 5 2 7 2 3 2 11
10010000000000000000000000110011 3 2 5 2 7 2 3 2 11
11000000000000000000000000110011 3 2 5 2 7 2 3 2 11
10000000000000000000000101100011 3 2 5 2 7 2 3 2 11
10000000000000000000010001100011 3 2 5 2 7 2 3 2 11
10000000000000000001000001100011 3 2 5 2 7 2 3 2 11
10000000000000000100000001100011 3 2 5 2 7 2 3 2 11
10000000000000010000000001100011 3 2 5 2 7 2 3 2 11
10000000000001000000000001100011 3 2 5 2 7 2 3 2 11
10000000000100000000000001100011 3 2 5 2 7 2 3 2 11
10000000010000000000000001100011 3 2 5 2 7 2 3 2 11
10000001000000000000000001100011 3 2 5 2 7 2 3 2 11
10000100000000000000000001100011 3 2 5 2 7 2 3 2 11
10010000000000000000000001100011 3 2 5 2 7 2 3 2 11
11000000000000000000000001100011 3 2 5 2 7 2 3 2 11
10000000000000000000010100100011 3 2 5 2 7 2 3 2 11
10000000000000000001000100100011 3 2 5 2 7 2 3 2 11
10000000000000000100000100100011 3 2 5 2 7 2 3 2 11
10000000000000010000000100100011 3 2 5 2 7 2 3 2 11
10000000000001000000000100100011 3 2 5 2 7 2 3 2 11
10000000000100000000000100100011 3 2 5 2 7 2 3 2 11
10000000010000000000000100100011 3 2 5 2 7 2 3 2 11
10000001000000000000000100100011 3 2 5 2 7 2 3 2 11
10000100000000000000000100100011 3 2 5 2 7 2 3 2 11
10010000000000000000000100100011 3 2 5 2 7 2 3 2 11
11000000000000000000000100100011 3 2 5 2 7 2 3 2 11
10000000000000000001010000100011 3 2 5 2 7 2 3 2 11
10000000000000000100010000100011 3 2 5 2 7 2 3 2 11
10000000000000010000010000100011 3 2 5 2 7 2 3 2 11
10000000000001000000010000100011 3 2 5 2 7 2 3 2 11
10000000000100000000010000100011 3 2 5 2 7 2 3 2 11
10000000010000000000010000100011 3 2 5 2 7 2 3 2 11
10000001000000000000010000100011 3 2 5 2 7 2 3 2 11
10000100000000000000010000100011 3 2 5 2 7 2 3 2 11
10010000000000000000010000100011 3 2 5 2 7 2 3 2 11
11000000000000000000010000100011 3 2 5 2 7 2 3 2 11
10000000000000000101000000100011 3 2 5 2 7 2 3 2 11
10000000000000010001000000100011 3 2 5 2 7 2 3 2 11
10000000000001000001000000100011 3 2 5 2 7 2 3 2 11
10000000000100000001000000100011 3 2 5 2 7 2 3 2 11
10000000010000000001000000100011 3 2 5 2 7 2 3 2 11
10000001000000000001000000100011 3 2 5 2 7 2 3 2 11
10000100000000000001000000100011 3 2 5 2 7 2 3 2 11
10010000000000000001000000100011 3 2 5 2 7 2 3 2 11
11000000000000000001000000100011 3 2 5 2 7 2 3 2 11
10000000000000010100000000100011 3 2 5 2 7 2 3 2 11
10000000000001000100000000100011 3 2 5 2 7 2 3 2 11
10000000000100000100000000100011 3 2 5 2 7 2 3 2 11
10000000010000000100000000100011 3 2 5 2 7 2 3 2 11
10000001000000000100000000100011 3 2 5 2 7 2 3 2 11
10000100000000000100000000100011 3 2 5 2 7 2 3 2 11
10010000000000000100000000100011 3 2 5 2 7 2 3 2 11
11000000000000000100000000100011 3 2 5 2 7 2 3 2 11
10000000000001010000000000100011 3 2 5 2 7 2 3 2 11
10000000000100010000000000100011 3 2 5 2 7 2 3 2 11
10000000010000010000000000100011 3 2 5 2 7 2 3 2 11
10000001000000010000000000100011 3 2 5 2 7 2 3 2 11
10000100000000010000000000100011 3 2 5 2 7 2 3 2 11
10010000000000010000000000100011 3 2 5 2 7 2 3 2 11
11000000000000010000000000100011 3 2 5 2 7 2 3 2 11
10000000000101000000000000100011 3 2 5 2 7 2 3 2 11
10000000010001000000000000100011 3 2 5 2 7 2 3 2 11
10000001000001000000000000100011 3 2 5 2 7 2 3 2 11
10000100000001000000000000100011 3 2 5 2 7 2 3 2 11
10010000000001000000000000100011 3 2 5 2 7 2 3 2 11
11000000000001000000000000100011 3 2 5 2 7 2 3 2 11
10000000010100000000000000100011 3 2 5 2 7 2 3 2 11
10000001000100000000000000100011 3 2 5 2 7 2 3 2 11
10000100000100000000000000100011 3 2 5 2 7 2 3 2 11
10010000000100000000000000100011 3 2 5 2 7 2 3 2 11
11000000000100000000000000100011 3 2 5 2 7 2 3 2 11
10000001010000000000000000100011 3 2 5 2 7 2 3 2 11
10000100010000000000000000100011 3 2 5 2 7 2 3 2 11
10010000010000000000000000100011 3 2 5 2 7 2 3 2 11
11000000010000000000000000100011 3 2 5 2 7 2 3 2 11
10000101000000000000000000100011 3 2 5 2 7 2 3 2 11
10010001000000000000000000100011 3 2 5 2 7 2 3 2 11
11000001000000000000000000100011 3 2 5 2 7 2 3 2 11
10010100000000000000000000100011 3 2 5 2 7 2 3 2 11
11000100000000000000000000100011 3 2 5 2 7 2 3 2 11
11010000000000000000000000100011 3 2 5 2 7 2 3 2 11
10000000000000000000000010010111 3 2 5 2 7 2 3 2 11
10000000000000000000000011000111 3 2 5 2 7 2 3 2 11
10000000000000000000000110000111 3 2 5 2 7 2 3 2 11
10000000000000000000010010000111 3 2 5 2 7 2 3 2 11
10000000000000000001000010000111 3 2 5 2 7 2 3 2 11
10000000000000000100000010000111 3 2 5 2 7 2 3 2 11
10000000000000010000000010000111 3 2 5 2 7 2 3 2 11
10000000000001000000000010000111 3 2 5 2 7 2 3 2 11
10000000000100000000000010000111 3 2 5 2 7 2 3 2 11
10000000010000000000000010000111 3 2 5 2 7 2 3 2 11
10000001000000000000000010000111 3 2 5 2 7 2 3 2 11
10000100000000000000000010000111 3 2 5 2 7 2 3 2 11
10010000000000000000000010000111 3 2 5 2 7 2 3 2 11
11000000000000000000000010000111 3 2 5 2 7 2 3 2 11
10000000000000000000000011010011 3 2 5 2 7 2 3 2 11
10000000000000000000000110010011 3 2 5 2 7 2 3 2 11
10000000000000000000010010010011 3 2 5 2 7 2 3 2 11
10000000000000000001000010010011 3 2 5 2 7 2 3 2 11
10000000000000000100000010010011 3 2 5 2 7 2 3 2 11
10000000000000010000000010010011 3 2 5 2 7 2 3 2 11
10000000000001000000000010010011 3 2 5 2 7 2 3 2 11
10000000000100000000000010010011 3 2 5 2 7 2 3 2 11
10000000010000000000000010010011 3 2 5 2 7 2 3 2 11
10000001000000000000000010010011 3 2 5 2 7 2 3 2 11
10000100000000000000000010010011 3 2 5 2 7 2 3 2 11
10010000000000000000000010010011 3 2 5 2 7 2 3 2 11
11000000000000000000000010010011 3 2 5 2 7 2 3 2 11
10000000000000000000000111000011 3 2 5 2 7 2 3 2 11
10000000000000000000010011000011 3 2 5 2 7 2 3 2 11
10000000000000000001000011000011 3 2 5 2 7 2 3 2 11
10000000000000000100000011000011 3 2 5 2 7 2 3 2 11
10000000000000010000000011000011 3 2 5 2 7 2 3 2 11
10000000000001000000000011000011 3 2 5 2 7 2 3 2 11
10000000000100000000000011000011 3 2 5 2 7 2 3 2 11
10000000010000000000000011000011 3 2 5 2 7 2 3 2 11
10000001000000000000000011000011 3 2 5 2 7 2 3 2 11
10000100000000000000000011000011 3 2 5 2 7 2 3 2 11
10010000000000000000000011000011 3 2 5 2 7 2 3 2 11
11000000000000000000000011000011 3 2 5 2 7 2 3 2 11
10000000000000000000010110000011 3 2 5 2 7 2 3 2 11
10000000000000000001000110000011 3 2 5 2 7 2 3 2 11
10000000000000000100000110000011 3 2 5 2 7 2 3 2 11
10000000000000010000000110000011 3 2 5 2 7 2 3 2 11
10000000000001000000000110000011 3 2 5 2 7 2 3 2 11
10000000000100000000000110000011 3 2 5 2 7 2 3 2 11
10000000010000000000000110000011 3 2 5 2 7 2 3 2 11
10000001000000000000000110000011 3 2 5 2 7 2 3 2 11
10000100000000000000000110000011 3 2 5 2 7 2 3 2 11
10010000000000000000000110000011 3 2 5 2 7 2 3 2 11
11000000000000000000000110000011 3 2 5 2 7 2 3 2 11
10000000000000000001010010000011 3 2 5 2 7 2 3 2 11
10000000000000000100010010000011 3 2 5 2 7 2 3 2 11
10000000000000010000010010000011 3 2 5 2 7 2 3 2 11
10000000000001000000010010000011 3 2 5 2 7 2 3 2 11
10000000000100000000010010000011 3 2 5 2 7 2 3 2 11
10000000010000000000010010000011 3 2 5 2 7 2 3 2 11
10000001000000000000010010000011 3 2 5 2 7 2 3 2 11
10000100000000000000010010000011 3 2 5 2 7 2 3 2 11
10010000000000000000010010000011 3 2 5 2 7 2 3 2 11
11000000000000000000010010000011 3 2 5 2 7 2 3 2 11
10000000000000000101000010000011 3 2 5 2 7 2 3 2 11
10000000000000010001000010000011 3 2 5 2 7 2 3 2 11
10000000000001000001000010000011 3 2 5 2 7 2 3 2 11
10000000000100000001000010000011 3 2 5 2 7 2 3 2 11
10000000010000000001000010000011 3 2 5 2 7 2 3 2 11
10000001000000000001000010000011 3 2 5 2 7 2 3 2 11
10000100000000000001000010000011 3 2 5 2 7 2 3 2 11
10010000000000000001000010000011 3 2 5 2 7 2 3 2 11
11000000000000000001000010000011 3 2 5 2 7 2 3 2 11
10000000000000010100000010000011 3 2 5 2 7 2 3 2 11
10000000000001000100000010000011 3 2 5 2 7 2 3 2 11
10000000000100000100000010000011 3 2 5 2 7 2 3 2 11
10000000010000000100000010000011 3 2 5 2 7 2 3 2 11
10000001000000000100000010000011 3 2 5 2 7 2 3 2 11
10000100000000000100000010000011 3 2 5 2 7 2 3 2 11
10010000000000000100000010000011 3 2 5 2 7 2 3 2 11
11000000000000000100000010000011 3 2 5 2 7 2 3 2 11
10000000000001010000000010000011 3 2 5 2 7 2 3 2 11
10000000000100010000000010000011 3 2 5 2 7 2 3 2 11
10000000010000010000000010000011 3 2 5 2 7 2 3 2 11
10000001000000010000000010000011 3 2 5 2 7 2 3 2 11
10000100000000010000000010000011 3 2 5 2 7 2 3 2 11
10010000000000010000000010000011 3 2 5 2 7 2 3 2 11
11000000000000010000000010000011 3 2 5 2 7 2 3 2 11
10000000000101000000000010000011 3 2 5 2 7 2 3 2 11
10000000010001000000000010000011 3 2 5 2 7 2 3 2 11
10000001000001000000000010000011 3 2 5 2 7 2 3 2 11
10000100000001000000000010000011 3 2 5 2 7 2 3 2 11
10010000000001000000000010000011 3 2 5 2 7 2 3 2 11
11000000000001000000000010000011 3 2 5 2 7 2 3 2 11
10000000010100000000000010000011 3 2 5 2 7 2 3 2 11
10000001000100000000000010000011 3 2 5 2 7 2 3 2 11
10000100000100000000000010000011 3 2 5 2 7 2 3 2 11
10010000000100000000000010000011 3 2 5 2 7 2 3 2 11
11000000000100000000000010000011 3 2 5 2 7 2 3 2 11
10000001010000000000000010000011 3 2 5 2 7 2 3 2 11
10000100010000000000000010000011 3 2 5 2 7 2 3 2 11
10010000010000000000000010000011 3 2 5 2 7 2 3 2 11
11000000010000000000000010000011 3 2 5 2 7 2 3 2 11
10000101000000000000000010000011 3 2 5 2 7 2 3 2 11
10010001000000000000000010000011 3 2 5 2 7 2 3 2 11
11000001000000000000000010000011 3 2 5 2 7 2 3 2 11
10010100000000000000000010000011 3 2 5 2 7 2 3 2 11
11000100000000000000000010000011 3 2 5 2 7 2 3 2 11
11010000000000000000000010000011 3 2 5 2 7 2 3 2 11
10000000000000000000001000010111 3 2 5 2 7 2 3 2 11
10000000000000000000001001000111 3 2 5 2 7 2 3 2 11
10000000000000000000001100000111 3 2 5 2 7 2 3 2 11
10000000000000000000011000000111 3 2 5 2 7 2 3 2 11
10000000000000000001001000000111 3 2 5 2 7 2 3 2 11
10000000000000000100001000000111 3 2 5 2 7 2 3 2 11
10000000000000010000001000000111 3 2 5 2 7 2 3 2 11
10000000000001000000001000000111 3 2 5 2 7 2 3 2 11
10000000000100000000001000000111 3 2 5 2 7 2 3 2 11
10000000010000000000001000000111 3 2 5 2 7 2 3 2 11
10000001000000000000001000000111 3 2 5 2 7 2 3 2 11
10000100000000000000001000000111 3 2 5 2 7 2 3 2 11
10010000000000000000001000000111 3 2 5 2 7 2 3 2 11
11000000000000000000001000000111 3 2 5 2 7 2 3 2 11
10000000000000000000001001010011 3 2 5 2 7 2 3 2 11
10000000000000000000001100010011 3 2 5 2 7 2 3 2 11
10000000000000000000011000010011 3 2 5 2 7 2 3 2 11
10000000000000000001001000010011 3 2 5 2 7 2 3 2 11
10000000000000000100001000010011 3 2 5 2 7 2 3 2 11
10000000000000010000001000010011 3 2 5 2 7 2 3 2 11
10000000000001000000001000010011 3 2 5 2 7 2 3 2 11
10000000000100000000001000010011 3 2 5 2 7 2 3 2 11
10000000010000000000001000010011 3 2 5 2 7 2 3 2 11
10000001000000000000001000010011 3 2 5 2 7 2 3 2 11
10000100000000000000001000010011 3 2 5 2 7 2 3 2 11
10010000000000000000001000010011 3 2 5 2 7 2 3 2 11
11000000000000000000001000010011 3 2 5 2 7 2 3 2 11
10000000000000000000001101000011 3 2 5 2 7 2 3 2 11
10000000000000000000011001000011 3 2 5 2 7 2 3 2 11
10000000000000000001001001000011 3 2 5 2 7 2 3 2 11
10000000000000000100001001000011 3 2 5 2 7 2 3 2 11
10000000000000010000001001000011 3 2 5 2 7 2 3 2 11
10000000000001000000001001000011 3 2 5 2 7 2 3 2 11
10000000000100000000001001000011 3 2 5 2 7 2 3 2 11
10000000010000000000001001000011 3 2 5 2 7 2 3 2 11
10000001000000000000001001000011 3 2 5 2 7 2 3 2 11
10000100000000000000001001000011 3 2 5 2 7 2 3 2 11
10010000000000000000001001000011 3 2 5 2 7 2 3 2 11
11000000000000000000001001000011 3 2 5 2 7 2 3 2 11
10000000000000000000011100000011 3 2 5 2 7 2 3 2 11
10000000000000000001001100000011 3 2 5 2 7 2 3 2 11
10000000000000000100001100000011 3 2 5 2 7 2 3 2 11
10000000000000010000001100000011 3 2 5 2 7 2 3 2 11
10000000000001000000001100000011 3 2 5 2 7 2 3 2 11
10000000000100000000001100000011 3 2 5 2 7 2 3 2 11
10000000010000000000001100000011 3 2 5 2 7 2 3 2 11
10000001000000000000001100000011 3 2 5 2 7 2 3 2 11
10000100000000000000001100000011 3 2 5 2 7 2 3 2 11
10010000000000000000001100000011 3 2 5 2 7 2 3 2 11
11000000000000000000001100000011 3 2 5 2 7 2 3 2 11
10000000000000000001011000000011 3 2 5 2 7 2 3 2 11
10000000000000000100011000000011 3 2 5 2 7 2 3 2 11
10000000000000010000011000000011 3 2 5 2 7 2 3 2 11
10000000000001000000011000000011 3 2 5 2 7 2 3 2 11
10000000000100000000011000000011 3 2 5 2 7 2 3 2 11
10000000010000000000011000000011 3 2 5 2 7 2 3 2 11
10000001000000000000011000000011 3 2 5 2 7 2 3 2 11
10000100000000000000011000000011 3 2 5 2 7 2 3 2 11
10010000000000000000011000000011 3 2 5 2 7 2 3 2 11
11000000000000000000011000000011 3 2 5 2 7 2 3 2 11
10000000000000000101001000000011 3 2 5 2 7 2 3 2 11
10000000000000010001001000000011 3 2 5 2 7 2 3 2 11
10000000000001000001001000000011 3 2 5 2 7 2 3 2 11
10000000000100000001001000000011 3 2 5 2 7 2 3 2 11
10000000010000000001001000000011 3 2 5 2 7 2 3 2 11
10000001000000000001001000000011 3 2 5 2 7 2 3 2 11
10000100000000000001001000000011 3 2 5 2 7 2 3 2 11
10010000000000000001001000000011 3 2 5 2 7 2 3 2 11
11000000000000000001001000000011 3 2 5 2 7 2 3 2 11
10000000000000010100001000000011 3 2 5 2 7 2 3 2 11
10000000000001000100001000000011 3 2 5 2 7 2 3 2 11
10000000000100000100001000000011 3 2 5 2 7 2 3 2 11
10000000010000000100001000000011 3 2 5 2 7 2 3 2 11
10000001000000000100001000000011 3 2 5 2 7 2 3 2 11
10000100000000000100001000000011 3 2 5 2 7 2 3 2 11
10010000000000000100001000000011 3 2 5 2 7 2 3 2 11
11000000000000000100001000000011 3 2 5 2 7 2 3 2 11
10000000000001010000001000000011 3 2 5 2 7 2 3 2 11
10000000000100010000001000000011 3 2 5 2 7 2 3 2 11
10000000010000010000001000000011 3 2 5 2 7 2 3 2 11
10000001000000010000001000000011 3 2 5 2 7 2 3 2 11
10000100000000010000001000000011 3 2 5 2 7 2 3 2 11
10010000000000010000001000000011 3 2 5 2 7 2 3 2 11
11000000000000010000001000000011 3 2 5 2 7 2 3 2 11
10000000000101000000001000000011 3 2 5 2 7 2 3 2 11
10000000010001000000001000000011 3 2 5 2 7 2 3 2 11
10000001000001000000001000000011 3 2 5 2 7 2 3 2 11
10000100000001000000001000000011 3 2 5 2 7 2 3 2 11
10010000000001000000001000000011 3 2 5 2 7 2 3 2 11
11000000000001000000001000000011 3 2 5 2 7 2 3 2 11
10000000010100000000001000000011 3 2 5 2 7 2 3 2 11
10000001000100000000001000000011 3 2 5 2 7 2 3 2 11
10000100000100000000001000000011 3 2 5 2 7 2 3 2 11
10010000000100000000001000000011 3 2 5 2 7 2 3 2 11
11000000000100000000001000000011 3 2 5 2 7 2 3 2 11
10000001010000000000001000000011 3 2 5 2 7 2 3 2 11
10000100010000000000001000000011 3 2 5 2 7 2 3 2 11
10010000010000000000001000000011 3 2 5 2 7 2 3 2 11
11000000010000000000001000000011 3 2 5 2 7 2 3 2 11
10000101000000000000001000000011 3 2 5 2 7 2 3 2 11
10010001000000000000001000000011 3 2 5 2 7 2 3 2 11
11000001000000000000001000000011 3 2 5 2 7 2 3 2 11
10010100000000000000001000000011 3 2 5 2 7 2 3 2 11
11000100000000000000001000000011 3 2 5 2 7 2 3 2 11
11010000000000000000001000000011 3 2 5 2 7 2 3 2 11
10000000000000000000100000010111 3 2 5 2 7 2 3 2 11
10000000000000000000100001000111 3 2 5 2 7 2 3 2 11
10000000000000000000100100000111 3 2 5 2 7 2 3 2 11
10000000000000000000110000000111 3 2 5 2 7 2 3 2 11
10000000000000000001100000000111 3 2 5 2 7 2 3 2 11
10000000000000000100100000000111 3 2 5 2 7 2 3 2 11
10000000000000010000100000000111 3 2 5 2 7 2 3 2 11
10000000000001000000100000000111 3 2 5 2 7 2 3 2 11
10000000000100000000100000000111 3 2 5 2 7 2 3 2 11
10000000010000000000100000000111 3 2 5 2 7 2 3 2 11
10000001000000000000100000000111 3 2 5 2 7 2 3 2 11
10000100000000000000100000000111 3 2 5 2 7 2 3 2 11
10010000000000000000100000000111 3 2 5 2 7 2 3 2 11
11000000000000000000100000000111 3 2 5 2 7 2 3 2 11
10000000000000000000100001010011 3 2 5 2 7 2 3 2 11
10000000000000000000100100010011 3 2 5 2 7 2 3 2 11
10000000000000000000110000010011 3 2 5 2 7 2 3 2 11
10000000000000000001100000010011 3 2 5 2 7 2 3 2 11
10000000000000000100100000010011 3 2 5 2 7 2 3 2 11
10000000000000010000100000010011 3 2 5 2 7 2 3 2 11
10000000000001000000100000010011 3 2 5 2 7 2 3 2 11
10000000000100000000100000010011 3 2 5 2 7 2 3 2 11
10000000010000000000100000010011 3 2 5 2 7 2 3 2 11
10000001000000000000100000010011 3 2 5 2 7 2 3 2 11
10000100000000000000100000010011 3 2 5 2 7 2 3 2 11
10010000000000000000100000010011 3 2 5 2 7 2 3 2 11
11000000000000000000100000010011 3 2 5 2 7 2 3 2 11
10000000000000000000100101000011 3 2 5 2 7 2 3 2 11
10000000000000000000110001000011 3 2 5 2 7 2 3 2 11
10000000000000000001100001000011 3 2 5 2 7 2 3 2 11
10000000000000000100100001000011 3 2 5 2 7 2 3 2 11
10000000000000010000100001000011 3 2 5 2 7 2 3 2 11
10000000000001000000100001000011 3 2 5 2 7 2 3 2 11
10000000000100000000100001000011 3 2 5 2 7 2 3 2 11
10000000010000000000100001000011 3 2 5 2 7 2 3 2 11
10000001000000000000100001000011 3 2 5 2 7 2 3 2 11
10000100000000000000100001000011 3 2 5 2 7 2 3 2 11
10010000000000000000100001000011 3 2 5 2 7 2 3 2 11
11000000000000000000100001000011 3 2 5 2 7 2 3 2 11
10000000000000000000110100000011 3 2 5 2 7 2 3 2 11
10000000000000000001100100000011 3 2 5 2 7 2 3 2 11
10000000000000000100100100000011 3 2 5 2 7 2 3 2 11
10000000000000010000100100000011 3 2 5 2 7 2 3 2 11
10000000000001000000100100000011 3 2 5 2 7 2 3 2 11
10000000000100000000100100000011 3 2 5 2 7 2 3 2 11
10000000010000000000100100000011 3 2 5 2 7 2 3 2 11
10000001000000000000100100000011 3 2 5 2 7 2 3 2 11
10000100000000000000100100000011 3 2 5 2 7 2 3 2 11
10010000000000000000100100000011 3 2 5 2 7 2 3 2 11
11000000000000000000100100000011 3 2 5 2 7 2 3 2 11
10000000000000000001110000000011 3 2 5 2 7 2 3 2 11
10000000000000000100110000000011 3 2 5 2 7 2 3 2 11
10000000000000010000110000000011 3 2 5 2 7 2 3 2 11
10000000000001000000110000000011 3 2 5 2 7 2 3 2 11
10000000000100000000110000000011 3 2 5 2 7 2 3 2 11
10000000010000000000110000000011 3 2 5 2 7 2 3 2 11
10000001000000000000110000000011 3 2 5 2 7 2 3 2 11
10000100000000000000110000000011 3 2 5 2 7 2 3 2 11
10010000000000000000110000000011 3 2 5 2 7 2 3 2 11
11000000000000000000110000000011 3 2 5 2 7 2 3 2 11
10000000000000000101100000000011 3 2 5 2 7 2 3 2 11
10000000000000010001100000000011 3 2 5 2 7 2 3 2 11
10000000000001000001100000000011 3 2 5 2 7 2 3 2 11
10000000000100000001100000000011 3 2 5 2 7 2 3 2 11
10000000010000000001100000000011 3 2 5 2 7 2 3 2 11
10000001000000000001100000000011 3 2 5 2 7 2 3 2 11
10000100000000000001100000000011 3 2 5 2 7 2 3 2 11
10010000000000000001100000000011 3 2 5 2 7 2 3 2 11
11000000000000000001100000000011 3 2 5 2 7 2 3 2 11
10000000000000010100100000000011 3 2 5 2 7 2 3 2 11
10000000000001000100100000000011 3 2 5 2 7 2 3 2 11
10000000000100000100100000000011 3 2 5 2 7 2 3 2 11
10000000010000000100100000000011 3 2 5 2 7 2 3 2 11
10000001000000000100100000000011 3 2 5 2 7 2 3 2 11
10000100000000000100100000000011 3 2 5 2 7 2 3 2 11
10010000000000000100100000000011 3 2 5 2 7 2 3 2 11
11000000000000000100100000000011 3 2 5 2 7 2 3 2 11
10000000000001010000100000000011 3 2 5 2 7 2 3 2 11
10000000000100010000100000000011 3 2 5 2 7 2 3 2 11
10000000010000010000100000000011 3 2 5 2 7 2 3 2 11
